<?xml version="1.0" encoding="UTF-8"?>
<!-- Generated by org.testng.reporters.JUnitReportReporter -->
<testsuite hostname="LAPTOP-1NPPQ936" failures="0" tests="1" name="tests.CartTest" time="7.085" errors="0" timestamp="2025-08-08T01:08:22 IST" skipped="0">
  <testcase classname="tests.CartTest" name="testAddToCartAndVerify" time="7.085"/>
</testsuite> <!-- tests.CartTest -->
